<?xml version="1.0" encoding="UTF-8"?>
<testng-results ignored="0" total="0" passed="0" failed="0" skipped="0">
  <reporter-output>
  </reporter-output>
  <suite started-at="2025-04-16T00:39:06 IST" name="org.example.AppTest" finished-at="2025-04-16T00:39:06 IST" duration-ms="15">
    <groups>
    </groups>
    <test started-at="2025-04-16T00:39:06 IST" name="Command line test" finished-at="2025-04-16T00:39:06 IST" duration-ms="15">
    </test> <!-- Command line test -->
  </suite> <!-- org.example.AppTest -->
</testng-results>
